<?xml version="1.0" encoding="UTF-8"?>
<testng-results ignored="0" total="1" passed="1" failed="0" skipped="0">
  <reporter-output>
  </reporter-output>
  <suite started-at="2026-04-22T19:07:21 IST" name="Surefire suite" finished-at="2026-04-22T19:07:24 IST" duration-ms="3139">
    <groups>
    </groups>
    <test started-at="2026-04-22T19:07:21 IST" name="Surefire test" finished-at="2026-04-22T19:07:24 IST" duration-ms="3139">
      <class name="com.api.test.LoginApiTest_Serv_Obj_Jackson">
        <test-method signature="loginTest()[pri:0, instance:com.api.test.LoginApiTest_Serv_Obj_Jackson@402e37bc]" started-at="2026-04-22T19:07:21 IST" name="loginTest" description="Verify Login API is working" finished-at="2026-04-22T19:07:24 IST" duration-ms="3079" status="PASS">
          <reporter-output>
          </reporter-output>
        </test-method> <!-- loginTest -->
      </class> <!-- com.api.test.LoginApiTest_Serv_Obj_Jackson -->
    </test> <!-- Surefire test -->
  </suite> <!-- Surefire suite -->
</testng-results>
